#
# A fatal error has been detected by the Java Runtime Environment:
#
#  Internal Error (javaClasses.cpp:129), pid=7204, tid=14312
#  fatal error: Invalid layout of preloaded class
#
# JRE version: 7.0_25-b17
# Java VM: Java HotSpot(TM) 64-Bit Server VM (23.25-b01 mixed mode windows-amd64 compressed oops)
# Failed to write core dump. Minidumps are not enabled by default on client versions of Windows
#
# If you would like to submit a bug report, please visit:
#   http://bugreport.sun.com/bugreport/crash.jsp
#

---------------  T H R E A D  ---------------

Current thread (0x000000000255d800):  JavaThread "Unknown thread" [_thread_in_vm, id=14312, stack(0x0000000002940000,0x0000000002a40000)]

Stack: [0x0000000002940000,0x0000000002a40000]

---------------  P R O C E S S  ---------------

Java Threads: ( => current thread )

Other Threads:

=>0x000000000255d800 (exited) JavaThread "Unknown thread" [_thread_in_vm, id=14312, stack(0x0000000002940000,0x0000000002a40000)]

VM state:not at safepoint (not fully initialized)

VM Mutex/Monitor currently owned by a thread: None

GC Heap History (0 events):
No events

Deoptimization events (0 events):
No events

Internal exceptions (0 events):
No events

Events (10 events):
Event: 0.007 loading class 0x0000000002619de0 done
Event: 0.007 loading class 0x00000000025d37d0 done
Event: 0.007 loading class 0x00000000025d37a0
Event: 0.007 loading class 0x0000000002625b70
Event: 0.007 loading class 0x0000000002625b70 done
Event: 0.007 loading class 0x0000000002625bb0
Event: 0.007 loading class 0x0000000002625bb0 done
Event: 0.007 loading class 0x000000000b93c970
Event: 0.007 loading class 0x000000000b93c970 done
Event: 0.007 loading class 0x00000000025d37a0 done


Dynamic libraries:
0x000000013f9e0000 - 0x000000013fa13000 	C:\Program Files\Java\jdk1.7.0_25\bin\javaw.exe
0x0000000076d70000 - 0x0000000076f19000 	C:\windows\SYSTEM32\ntdll.dll
0x0000000076c50000 - 0x0000000076d6f000 	C:\windows\system32\kernel32.dll
0x000007fefcd20000 - 0x000007fefcd8c000 	C:\windows\system32\KERNELBASE.dll
0x000007fefec70000 - 0x000007fefed4b000 	C:\windows\system32\ADVAPI32.dll
0x000007fefef00000 - 0x000007fefef9f000 	C:\windows\system32\msvcrt.dll
0x000007fefebb0000 - 0x000007fefebcf000 	C:\windows\SYSTEM32\sechost.dll
0x000007fefedb0000 - 0x000007fefeedd000 	C:\windows\system32\RPCRT4.dll
0x0000000076b50000 - 0x0000000076c4a000 	C:\windows\system32\USER32.dll
0x000007fefebd0000 - 0x000007fefec37000 	C:\windows\system32\GDI32.dll
0x000007fefed50000 - 0x000007fefed5e000 	C:\windows\system32\LPK.dll
0x000007fefe400000 - 0x000007fefe4c9000 	C:\windows\system32\USP10.dll
0x000007fefb490000 - 0x000007fefb684000 	C:\windows\WinSxS\amd64_microsoft.windows.common-controls_6595b64144ccf1df_6.0.7601.17514_none_fa396087175ac9ac\COMCTL32.dll
0x000007fefe300000 - 0x000007fefe371000 	C:\windows\system32\SHLWAPI.dll
0x000007fefec40000 - 0x000007fefec6e000 	C:\windows\system32\IMM32.DLL
0x000007fefdf70000 - 0x000007fefe079000 	C:\windows\system32\MSCTF.dll
0x000000005ebf0000 - 0x000000005ecc1000 	C:\Program Files\Java\jdk1.7.0_25\jre\bin\msvcr100.dll
0x000000006df00000 - 0x000000006e60f000 	C:\Program Files\Java\jdk1.7.0_25\jre\bin\server\jvm.dll
0x000007fef7bc0000 - 0x000007fef7bc9000 	C:\windows\system32\WSOCK32.dll
0x000007fefed60000 - 0x000007fefedad000 	C:\windows\system32\WS2_32.dll
0x000007fefeba0000 - 0x000007fefeba8000 	C:\windows\system32\NSI.dll
0x000007fef5ec0000 - 0x000007fef5efb000 	C:\windows\system32\WINMM.dll
0x0000000076f30000 - 0x0000000076f37000 	C:\windows\system32\PSAPI.DLL
0x000000006b690000 - 0x000000006b69f000 	C:\Program Files\Java\jdk1.7.0_25\jre\bin\verify.dll
0x000000005e9b0000 - 0x000000005e9d8000 	C:\Program Files\Java\jdk1.7.0_25\jre\bin\java.dll
0x000000005e9f0000 - 0x000000005ea05000 	C:\Program Files\Java\jdk1.7.0_25\jre\bin\zip.dll

VM Arguments:
jvm_args: -Dfile.encoding=MS949 -Xbootclasspath:C:\android\adt-bundle-windows-x86_64-20140702\sdk\platforms\android-19\android.jar;C:\android\adt-bundle-windows-x86_64-20140702\sdk\add-ons\addon-google_apis_x86-google-19\libs\effects.jar;C:\android\adt-bundle-windows-x86_64-20140702\sdk\add-ons\addon-google_apis_x86-google-19\libs\usb.jar;C:\android\adt-bundle-windows-x86_64-20140702\sdk\add-ons\addon-google_apis_x86-google-19\libs\maps.jar 
java_command: edu.rosehulman.haystack.test
Launcher Type: SUN_STANDARD

Environment Variables:
PATH=C:/Program Files/Java/jdk1.7.0_25/bin/../jre/bin/server;C:/Program Files/Java/jdk1.7.0_25/bin/../jre/bin;C:/Program Files/Java/jdk1.7.0_25/bin/../jre/lib/amd64;C:\ProgramData\Oracle\Java\javapath;C:\windows\system32;C:\windows;C:\windows\System32\Wbem;C:\windows\System32\WindowsPowerShell\v1.0\;C:\Program Files\MATLAB\R2012a\runtime\win64;C:\Program Files\MATLAB\R2012a\bin;C:\Program Files (x86)\Microsoft SQL Server\100\Tools\Binn\;C:\Program Files (x86)\Microsoft SQL Server\100\DTS\Binn\;C:\MinGW\bin;C:\Program Files (x86)\Intel\OpenCL SDK\2.0\bin\x86;C:\Program Files (x86)\Intel\OpenCL SDK\2.0\bin\x64;C:\Program Files (x86)\Common Files\Ulead Systems\MPEG; C:\Program Files\Java\jre7\bin;C:\Program Files\Java\jdk1.7.0_13\bin;C:\Program Files\TortoiseSVN\bin;C:\Program Files (x86)\Windows Kits\8.1\Windows Performance Toolkit\;C:\Program Files\Microsoft SQL Server\110\Tools\Binn\;C:\Program Files (x86)\Microsoft SQL Server\110\Tools\Binn\ManagementStudio\;C:\Program Files (x86)\Microsoft SQL Server\110\Tools\Binn\;C:\Program Files (x86)\Microsoft SQL Server\110\DTS\Binn\;C:\Program Files\Microsoft SQL Server\110\DTS\Binn\;C:\Program Files\VanDyke Software\Clients\;C:\Program Files (x86)\MiKTeX 2.9\miktex\bin\;C:\Program Files (x86)\Python27;C:\Program Files (x86)\Google\google_appengine\;C:\android\adt-bundle-windows-x86_64-20140702\eclipse;
USERNAME=songm
OS=Windows_NT
PROCESSOR_IDENTIFIER=Intel64 Family 6 Model 58 Stepping 9, GenuineIntel



---------------  S Y S T E M  ---------------

OS: Windows 7 , 64 bit Build 7601 Service Pack 1

CPU:total 8 (4 cores per cpu, 2 threads per core) family 6 model 58 stepping 9, cmov, cx8, fxsr, mmx, sse, sse2, sse3, ssse3, sse4.1, sse4.2, popcnt, avx, ht, tsc, tscinvbit, tscinv

Memory: 4k page, physical 7945004k(3255648k free), swap 15888152k(7629856k free)

vm_info: Java HotSpot(TM) 64-Bit Server VM (23.25-b01) for windows-amd64 JRE (1.7.0_25-b17), built on Jun 21 2013 12:58:32 by "java_re" with unknown MS VC++:1600

time: Tue Feb 17 14:05:07 2015
elapsed time: 0 seconds

